<?xml version="1.0" encoding="UTF-8"?>
<!-- Generated by org.testng.reporters.JUnitXMLReporter -->
<testsuite hostname="LAPTOP-KUHR709B" ignored="1" name="Surefire test" tests="2" failures="0" timestamp="2022-05-29T15:05:22 CDT" time="14.392" errors="0">
  <testcase name="testAppleTitle" time="1.066" classname="scripts._01_AppleTest"/>
  <testcase name="testAppleURL" time="1.092" classname="scripts._01_AppleTest"/>
  <testcase name="X" time="0.0" classname="scripts._01_AppleTest">
    <ignored/>
  </testcase> <!-- X -->
</testsuite> <!-- Surefire test -->
