<?xml version="1.0" encoding="UTF-8"?>
<!-- Generated by org.testng.reporters.JUnitXMLReporter -->
<testsuite hostname="LAPTOP-KUHR709B" ignored="4" name="Critical Functionality" tests="6" failures="0" timestamp="2022-06-11T14:45:04 CDT" time="45.024" errors="0">
  <testcase name="testAppleTitle" time="1.028" classname="scripts._01_AppleTest"/>
  <testcase name="testApplicationFormHeading" time="2.221" classname="scripts._02_TechGlobalTest"/>
  <testcase name="testGoogleSearch" time="4.652" classname="scripts._04_GoogleSearchTest"/>
  <testcase name="testEtsyLogo" time="1.255" classname="scripts._03_EtsyTest"/>
  <testcase name="testEtsySearch" time="1.57" classname="scripts._03_EtsyTest"/>
  <testcase name="testEtsySearchResult" time="3.919" classname="scripts._03_EtsyTest"/>
  <testcase name="testAppleURL" time="0.0" classname="scripts._01_AppleTest">
    <ignored/>
  </testcase> <!-- testAppleURL -->
  <testcase name="testGoogleStoreLink" time="0.0" classname="scripts._04_GoogleSearchTest">
    <ignored/>
  </testcase> <!-- testGoogleStoreLink -->
  <testcase name="X" time="0.0" classname="scripts._01_AppleTest">
    <ignored/>
  </testcase> <!-- X -->
  <testcase name="testMainHeader" time="0.0" classname="scripts._03_EtsyTest">
    <ignored/>
  </testcase> <!-- testMainHeader -->
</testsuite> <!-- Critical Functionality -->
