<?xml version="1.0" encoding="UTF-8"?>
<testng-results skipped="0" failed="1" ignored="0" total="3" passed="2">
  <reporter-output>
  </reporter-output>
  <suite name="scripts._01_AppleTest" duration-ms="17154" started-at="2022-05-21T15:14:09 CDT" finished-at="2022-05-21T15:14:26 CDT">
    <groups>
    </groups>
    <test name="Command line test" duration-ms="17154" started-at="2022-05-21T15:14:09 CDT" finished-at="2022-05-21T15:14:26 CDT">
      <class name="scripts._01_AppleTest">
        <test-method status="PASS" signature="setup()[pri:0, instance:scripts._01_AppleTest@464bee09]" name="setup" is-config="true" duration-ms="1779" started-at="2022-05-21T15:14:09 CDT" finished-at="2022-05-21T15:14:11 CDT">
          <reporter-output>
          </reporter-output>
        </test-method> <!-- setup -->
        <test-method status="FAIL" signature="X()[pri:0, instance:scripts._01_AppleTest@464bee09]" name="X" duration-ms="4" started-at="2022-05-21T15:14:11 CDT" finished-at="2022-05-21T15:14:11 CDT">
          <exception class="java.lang.AssertionError">
            <message>
              <![CDATA[Failure on purpose]]>
            </message>
            <full-stacktrace>
              <![CDATA[java.lang.AssertionError: Failure on purpose
at org.testng.Assert.fail(Assert.java:97)
at scripts._01_AppleTest.X(_01_AppleTest.java:50)
at sun.reflect.NativeMethodAccessorImpl.invoke0(Native Method)
at sun.reflect.NativeMethodAccessorImpl.invoke(NativeMethodAccessorImpl.java:62)
at sun.reflect.DelegatingMethodAccessorImpl.invoke(DelegatingMethodAccessorImpl.java:43)
at java.lang.reflect.Method.invoke(Method.java:498)
at org.testng.internal.MethodInvocationHelper.invokeMethod(MethodInvocationHelper.java:134)
at org.testng.internal.TestInvoker.invokeMethod(TestInvoker.java:597)
at org.testng.internal.TestInvoker.invokeTestMethod(TestInvoker.java:173)
at org.testng.internal.MethodRunner.runInSequence(MethodRunner.java:46)
at org.testng.internal.TestInvoker$MethodInvocationAgent.invoke(TestInvoker.java:816)
at org.testng.internal.TestInvoker.invokeTestMethods(TestInvoker.java:146)
at org.testng.internal.TestMethodWorker.invokeTestMethods(TestMethodWorker.java:146)
at org.testng.internal.TestMethodWorker.run(TestMethodWorker.java:128)
at java.util.ArrayList.forEach(ArrayList.java:1259)
at org.testng.TestRunner.privateRun(TestRunner.java:766)
at org.testng.TestRunner.run(TestRunner.java:587)
at org.testng.SuiteRunner.runTest(SuiteRunner.java:384)
at org.testng.SuiteRunner.runSequentially(SuiteRunner.java:378)
at org.testng.SuiteRunner.privateRun(SuiteRunner.java:337)
at org.testng.SuiteRunner.run(SuiteRunner.java:286)
at org.testng.SuiteRunnerWorker.runSuite(SuiteRunnerWorker.java:53)
at org.testng.SuiteRunnerWorker.run(SuiteRunnerWorker.java:96)
at org.testng.TestNG.runSuitesSequentially(TestNG.java:1187)
at org.testng.TestNG.runSuitesLocally(TestNG.java:1109)
at org.testng.TestNG.runSuites(TestNG.java:1039)
at org.testng.TestNG.run(TestNG.java:1007)
at org.apache.maven.surefire.testng.TestNGExecutor.run(TestNGExecutor.java:77)
at org.apache.maven.surefire.testng.TestNGDirectoryTestSuite.execute(TestNGDirectoryTestSuite.java:110)
at org.apache.maven.surefire.testng.TestNGProvider.invoke(TestNGProvider.java:106)
at sun.reflect.NativeMethodAccessorImpl.invoke0(Native Method)
at sun.reflect.NativeMethodAccessorImpl.invoke(NativeMethodAccessorImpl.java:62)
at sun.reflect.DelegatingMethodAccessorImpl.invoke(DelegatingMethodAccessorImpl.java:43)
at java.lang.reflect.Method.invoke(Method.java:498)
at org.apache.maven.surefire.util.ReflectionUtils.invokeMethodWithArray(ReflectionUtils.java:189)
at org.apache.maven.surefire.booter.ProviderFactory$ProviderProxy.invoke(ProviderFactory.java:165)
at org.apache.maven.surefire.booter.ProviderFactory.invokeProvider(ProviderFactory.java:85)
at org.apache.maven.surefire.booter.ForkedBooter.runSuitesInProcess(ForkedBooter.java:115)
at org.apache.maven.surefire.booter.ForkedBooter.main(ForkedBooter.java:75)
]]>
            </full-stacktrace>
          </exception> <!-- java.lang.AssertionError -->
          <reporter-output>
          </reporter-output>
        </test-method> <!-- X -->
        <test-method status="PASS" signature="teardown()[pri:0, instance:scripts._01_AppleTest@464bee09]" name="teardown" is-config="true" duration-ms="3667" started-at="2022-05-21T15:14:11 CDT" finished-at="2022-05-21T15:14:15 CDT">
          <reporter-output>
          </reporter-output>
        </test-method> <!-- teardown -->
        <test-method status="PASS" signature="setup()[pri:0, instance:scripts._01_AppleTest@464bee09]" name="setup" is-config="true" duration-ms="1261" started-at="2022-05-21T15:14:15 CDT" finished-at="2022-05-21T15:14:16 CDT">
          <reporter-output>
          </reporter-output>
        </test-method> <!-- setup -->
        <test-method status="PASS" signature="testAppleTitle()[pri:0, instance:scripts._01_AppleTest@464bee09]" name="testAppleTitle" duration-ms="846" started-at="2022-05-21T15:14:16 CDT" finished-at="2022-05-21T15:14:17 CDT">
          <reporter-output>
          </reporter-output>
        </test-method> <!-- testAppleTitle -->
        <test-method status="PASS" signature="teardown()[pri:0, instance:scripts._01_AppleTest@464bee09]" name="teardown" is-config="true" duration-ms="3694" started-at="2022-05-21T15:14:17 CDT" finished-at="2022-05-21T15:14:21 CDT">
          <reporter-output>
          </reporter-output>
        </test-method> <!-- teardown -->
        <test-method status="PASS" signature="setup()[pri:0, instance:scripts._01_AppleTest@464bee09]" name="setup" is-config="true" duration-ms="1334" started-at="2022-05-21T15:14:21 CDT" finished-at="2022-05-21T15:14:22 CDT">
          <reporter-output>
          </reporter-output>
        </test-method> <!-- setup -->
        <test-method status="PASS" signature="testAppleURL()[pri:0, instance:scripts._01_AppleTest@464bee09]" name="testAppleURL" duration-ms="834" started-at="2022-05-21T15:14:22 CDT" finished-at="2022-05-21T15:14:23 CDT">
          <reporter-output>
          </reporter-output>
        </test-method> <!-- testAppleURL -->
        <test-method status="PASS" signature="teardown()[pri:0, instance:scripts._01_AppleTest@464bee09]" name="teardown" is-config="true" duration-ms="3708" started-at="2022-05-21T15:14:23 CDT" finished-at="2022-05-21T15:14:26 CDT">
          <reporter-output>
          </reporter-output>
        </test-method> <!-- teardown -->
      </class> <!-- scripts._01_AppleTest -->
    </test> <!-- Command line test -->
  </suite> <!-- scripts._01_AppleTest -->
</testng-results>
