<?xml version="1.0" encoding="UTF-8"?>
<testsuite xmlns:xsi="http://www.w3.org/2001/XMLSchema-instance" xsi:schemaLocation="https://maven.apache.org/surefire/maven-surefire-plugin/xsd/surefire-test-report.xsd" name="TestSuite" time="256.857" tests="20" errors="0" skipped="0" failures="5">
  <properties>
[...]
</properties>
  <testcase name="testAppleURL" classname="scripts._01_AppleTest" time="0.906"/>
  <testcase name="testMainHeader" classname="scripts._03_EtsyTest" time="2.34"/>
  <testcase name="testGoogleStoreLink" classname="scripts._04_GoogleSearchTest" time="2.587"/>
  <testcase name="testCheckBoxInHeroApp" classname="scripts._05_CheckBoxTest" time="9.384"/>
  <testcase name="testFacebookGenderRadioButtons" classname="scripts._06_RadioButtonTest" time="9.606"/>
  <testcase name="testUnsecurePasswordErrorMessage" classname="scripts._07_DropdownTest" time="5.43"/>
  <testcase name="testExpediaDropdowns" classname="scripts._07_DropdownTest" time="0.033">
    <failure message="invalid argument&#10;  (Session info: chrome=102.0.5005.63)&#10;Build info: version: &apos;3.141.59&apos;, revision: &apos;e82be7d358&apos;, time: &apos;2018-11-14T08:17:03&apos;&#10;System info: host: &apos;LAPTOP-KUHR709B&apos;, ip: &apos;192.168.165.151&apos;, os.name: &apos;Windows 10&apos;, os.arch: &apos;amd64&apos;, os.version: &apos;10.0&apos;, java.version: &apos;1.8.0_281&apos;&#10;Driver info: org.openqa.selenium.chrome.ChromeDriver&#10;Capabilities {acceptInsecureCerts: false, browserName: chrome, browserVersion: 102.0.5005.63, chrome: {chromedriverVersion: 102.0.5005.61 (0e59bcc00cc4..., userDataDir: C:\Users\roman\AppData\Loca...}, goog:chromeOptions: {debuggerAddress: localhost:57809}, javascriptEnabled: true, networkConnectionEnabled: false, pageLoadStrategy: normal, platform: WINDOWS, platformName: WINDOWS, proxy: Proxy(), setWindowRect: true, strictFileInteractability: false, timeouts: {implicit: 0, pageLoad: 300000, script: 30000}, unhandledPromptBehavior: dismiss and notify, webauthn:extension:credBlob: true, webauthn:extension:largeBlob: true, webauthn:virtualAuthenticators: true}&#10;Session ID: e42494b8788f26333fb0425936dbc379" type="org.openqa.selenium.InvalidArgumentException">org.openqa.selenium.InvalidArgumentException: 
invalid argument
  (Session info: chrome=102.0.5005.63)
Build info: version: '3.141.59', revision: 'e82be7d358', time: '2018-11-14T08:17:03'
System info: host: 'LAPTOP-KUHR709B', ip: '192.168.165.151', os.name: 'Windows 10', os.arch: 'amd64', os.version: '10.0', java.version: '1.8.0_281'
Driver info: org.openqa.selenium.chrome.ChromeDriver
Capabilities {acceptInsecureCerts: false, browserName: chrome, browserVersion: 102.0.5005.63, chrome: {chromedriverVersion: 102.0.5005.61 (0e59bcc00cc4..., userDataDir: C:\Users\roman\AppData\Loca...}, goog:chromeOptions: {debuggerAddress: localhost:57809}, javascriptEnabled: true, networkConnectionEnabled: false, pageLoadStrategy: normal, platform: WINDOWS, platformName: WINDOWS, proxy: Proxy(), setWindowRect: true, strictFileInteractability: false, timeouts: {implicit: 0, pageLoad: 300000, script: 30000}, unhandledPromptBehavior: dismiss and notify, webauthn:extension:credBlob: true, webauthn:extension:largeBlob: true, webauthn:virtualAuthenticators: true}
Session ID: e42494b8788f26333fb0425936dbc379
	at scripts._07_DropdownTest.testExpediaDropdowns(_07_DropdownTest.java:64)
</failure>
    <system-err><![CDATA[Starting ChromeDriver 102.0.5005.61 (0e59bcc00cc4985ce39ad31c150065f159d95ad3-refs/branch-heads/5005@{#819}) on port 18915
Only local connections are allowed.
Please see https://chromedriver.chromium.org/security-considerations for suggestions on keeping ChromeDriver safe.
ChromeDriver was started successfully.
Jun 11, 2022 2:56:18 PM org.openqa.selenium.remote.ProtocolHandshake createSession
INFO: Detected dialect: W3C
]]></system-err>
  </testcase>
  <testcase name="testEbayDropdown" classname="scripts._07_DropdownTest" time="0"/>
  <testcase name="testAmazonAddressModal" classname="scripts._08_Alerts" time="10.929">
    <failure message="expected [true] but found [false]" type="java.lang.AssertionError">java.lang.AssertionError: expected [true] but found [false]
	at scripts._08_Alerts.testAmazonAddressModal(_08_Alerts.java:153)
</failure>
    <system-err><![CDATA[Starting ChromeDriver 102.0.5005.61 (0e59bcc00cc4985ce39ad31c150065f159d95ad3-refs/branch-heads/5005@{#819}) on port 36509
Only local connections are allowed.
Please see https://chromedriver.chromium.org/security-considerations for suggestions on keeping ChromeDriver safe.
ChromeDriver was started successfully.
Jun 11, 2022 2:56:28 PM org.openqa.selenium.remote.ProtocolHandshake createSession
INFO: Detected dialect: W3C
]]></system-err>
  </testcase>
  <testcase name="locateMoneyFrame" classname="scripts._09_IFrames" time="30.048">
    <failure message="no such element: Unable to locate element: {&quot;method&quot;:&quot;css selector&quot;,&quot;selector&quot;:&quot;#moneyiframe&quot;}&#10;  (Session info: chrome=102.0.5005.63)&#10;For documentation on this error, please visit: https://www.seleniumhq.org/exceptions/no_such_element.html&#10;Build info: version: &apos;3.141.59&apos;, revision: &apos;e82be7d358&apos;, time: &apos;2018-11-14T08:17:03&apos;&#10;System info: host: &apos;LAPTOP-KUHR709B&apos;, ip: &apos;192.168.165.151&apos;, os.name: &apos;Windows 10&apos;, os.arch: &apos;amd64&apos;, os.version: &apos;10.0&apos;, java.version: &apos;1.8.0_281&apos;&#10;Driver info: org.openqa.selenium.chrome.ChromeDriver&#10;Capabilities {acceptInsecureCerts: false, browserName: chrome, browserVersion: 102.0.5005.63, chrome: {chromedriverVersion: 102.0.5005.61 (0e59bcc00cc4..., userDataDir: C:\Users\roman\AppData\Loca...}, goog:chromeOptions: {debuggerAddress: localhost:57984}, javascriptEnabled: true, networkConnectionEnabled: false, pageLoadStrategy: normal, platform: WINDOWS, platformName: WINDOWS, proxy: Proxy(), setWindowRect: true, strictFileInteractability: false, timeouts: {implicit: 0, pageLoad: 300000, script: 30000}, unhandledPromptBehavior: dismiss and notify, webauthn:extension:credBlob: true, webauthn:extension:largeBlob: true, webauthn:virtualAuthenticators: true}&#10;Session ID: c026a9610be59afa9ce1eb393aaa195a&#10;*** Element info: {Using=id, value=moneyiframe}" type="org.openqa.selenium.NoSuchElementException">org.openqa.selenium.NoSuchElementException: 
no such element: Unable to locate element: {"method":"css selector","selector":"#moneyiframe"}
  (Session info: chrome=102.0.5005.63)
For documentation on this error, please visit: https://www.seleniumhq.org/exceptions/no_such_element.html
Build info: version: '3.141.59', revision: 'e82be7d358', time: '2018-11-14T08:17:03'
System info: host: 'LAPTOP-KUHR709B', ip: '192.168.165.151', os.name: 'Windows 10', os.arch: 'amd64', os.version: '10.0', java.version: '1.8.0_281'
Driver info: org.openqa.selenium.chrome.ChromeDriver
Capabilities {acceptInsecureCerts: false, browserName: chrome, browserVersion: 102.0.5005.63, chrome: {chromedriverVersion: 102.0.5005.61 (0e59bcc00cc4..., userDataDir: C:\Users\roman\AppData\Loca...}, goog:chromeOptions: {debuggerAddress: localhost:57984}, javascriptEnabled: true, networkConnectionEnabled: false, pageLoadStrategy: normal, platform: WINDOWS, platformName: WINDOWS, proxy: Proxy(), setWindowRect: true, strictFileInteractability: false, timeouts: {implicit: 0, pageLoad: 300000, script: 30000}, unhandledPromptBehavior: dismiss and notify, webauthn:extension:credBlob: true, webauthn:extension:largeBlob: true, webauthn:virtualAuthenticators: true}
Session ID: c026a9610be59afa9ce1eb393aaa195a
*** Element info: {Using=id, value=moneyiframe}
	at scripts._09_IFrames.locateMoneyFrame(_09_IFrames.java:51)
</failure>
    <system-err><![CDATA[Starting ChromeDriver 102.0.5005.61 (0e59bcc00cc4985ce39ad31c150065f159d95ad3-refs/branch-heads/5005@{#819}) on port 16383
Only local connections are allowed.
Please see https://chromedriver.chromium.org/security-considerations for suggestions on keeping ChromeDriver safe.
ChromeDriver was started successfully.
Jun 11, 2022 2:56:43 PM org.openqa.selenium.remote.ProtocolHandshake createSession
INFO: Detected dialect: W3C
]]></system-err>
  </testcase>
  <testcase name="testIFrame1" classname="scripts._09_IFrames" time="11.167"/>
  <testcase name="testTechGlobalSchoolFaceBookIcon" classname="scripts._10_WindowHandles" time="2.476"/>
  <testcase name="testWindowHandle2" classname="scripts._10_WindowHandles" time="1.331"/>
  <testcase name="testFileUpload1" classname="scripts._11_FileUpload" time="15.567">
    <failure message="expected [myFileApple.xls] but found [myFileHeroApp.txt]" type="java.lang.AssertionError">java.lang.AssertionError: expected [myFileApple.xls] but found [myFileHeroApp.txt]
	at scripts._11_FileUpload.testFileUpload1(_11_FileUpload.java:21)
</failure>
    <system-err><![CDATA[Starting ChromeDriver 102.0.5005.61 (0e59bcc00cc4985ce39ad31c150065f159d95ad3-refs/branch-heads/5005@{#819}) on port 48355
Only local connections are allowed.
Please see https://chromedriver.chromium.org/security-considerations for suggestions on keeping ChromeDriver safe.
ChromeDriver was started successfully.
Jun 11, 2022 2:57:48 PM org.openqa.selenium.remote.ProtocolHandshake createSession
INFO: Detected dialect: W3C
]]></system-err>
  </testcase>
  <testcase name="moveToElementPractice1" classname="scripts._12_Actions_Class" time="5.7"/>
  <testcase name="moveToElementPractice2" classname="scripts._12_Actions_Class" time="7.395"/>
  <testcase name="clickOnElementPractice" classname="scripts._12_Actions_Class" time="3.664"/>
  <testcase name="rightClickPractice" classname="scripts._12_Actions_Class" time="1.564"/>
  <testcase name="clickHoldAndReleasePractice" classname="scripts._12_Actions_Class" time="4.168"/>
  <testcase name="sendKeysToAnElement" classname="scripts._12_Actions_Class" time="33.32">
    <failure message="java.lang.reflect.InvocationTargetException&#10;Build info: version: &apos;3.141.59&apos;, revision: &apos;e82be7d358&apos;, time: &apos;2018-11-14T08:17:03&apos;&#10;System info: host: &apos;LAPTOP-KUHR709B&apos;, ip: &apos;192.168.165.151&apos;, os.name: &apos;Windows 10&apos;, os.arch: &apos;amd64&apos;, os.version: &apos;10.0&apos;, java.version: &apos;1.8.0_281&apos;&#10;Driver info: driver.version: RemoteWebDriver" type="org.openqa.selenium.json.JsonException">org.openqa.selenium.json.JsonException: 
java.lang.reflect.InvocationTargetException
Build info: version: '3.141.59', revision: 'e82be7d358', time: '2018-11-14T08:17:03'
System info: host: 'LAPTOP-KUHR709B', ip: '192.168.165.151', os.name: 'Windows 10', os.arch: 'amd64', os.version: '10.0', java.version: '1.8.0_281'
Driver info: driver.version: RemoteWebDriver
	at scripts._12_Actions_Class.sendKeysToAnElement(_12_Actions_Class.java:124)
Caused by: java.lang.reflect.InvocationTargetException
	at scripts._12_Actions_Class.sendKeysToAnElement(_12_Actions_Class.java:124)
Caused by: org.openqa.selenium.NoSuchElementException: 
no such element: Unable to locate element: {"method":"css selector","selector":"*[name='q']"}
  (Session info: chrome=102.0.5005.63)
For documentation on this error, please visit: https://www.seleniumhq.org/exceptions/no_such_element.html
Build info: version: '3.141.59', revision: 'e82be7d358', time: '2018-11-14T08:17:03'
System info: host: 'LAPTOP-KUHR709B', ip: '192.168.165.151', os.name: 'Windows 10', os.arch: 'amd64', os.version: '10.0', java.version: '1.8.0_281'
Driver info: org.openqa.selenium.chrome.ChromeDriver
Capabilities {acceptInsecureCerts: false, browserName: chrome, browserVersion: 102.0.5005.63, chrome: {chromedriverVersion: 102.0.5005.61 (0e59bcc00cc4..., userDataDir: C:\Users\roman\AppData\Loca...}, goog:chromeOptions: {debuggerAddress: localhost:55236}, javascriptEnabled: true, networkConnectionEnabled: false, pageLoadStrategy: normal, platform: WINDOWS, platformName: WINDOWS, proxy: Proxy(), setWindowRect: true, strictFileInteractability: false, timeouts: {implicit: 0, pageLoad: 300000, script: 30000}, unhandledPromptBehavior: dismiss and notify, webauthn:extension:credBlob: true, webauthn:extension:largeBlob: true, webauthn:virtualAuthenticators: true}
Session ID: 5e1dcb667121572c7699b30b3574c0d5
*** Element info: {Using=name, value=q}
	at scripts._12_Actions_Class.sendKeysToAnElement(_12_Actions_Class.java:124)
</failure>
    <system-err><![CDATA[Starting ChromeDriver 102.0.5005.61 (0e59bcc00cc4985ce39ad31c150065f159d95ad3-refs/branch-heads/5005@{#819}) on port 25728
Only local connections are allowed.
Please see https://chromedriver.chromium.org/security-considerations for suggestions on keeping ChromeDriver safe.
ChromeDriver was started successfully.
Jun 11, 2022 2:58:56 PM org.openqa.selenium.remote.ProtocolHandshake createSession
INFO: Detected dialect: W3C
]]></system-err>
  </testcase>
</testsuite>